1641532466727	geckodriver	INFO	Listening on 127.0.0.1:47949
1641532466733	mozrunner::runner	INFO	Running command: "/usr/bin/firefox" "--marionette" "--remote-debugging-port" "38591" "-no-remote" "-profile" "/tmp/rust_mozprofilenHdYnI"
1641532467950	Marionette	INFO	Marionette enabled
console.warn: SearchSettings: "get: No settings file exists, new profile?" (new NotFoundError("Could not open the file at /tmp/rust_mozprofilenHdYnI/search.json.mozlz4", (void 0)))
DevTools listening on ws://localhost:38591/devtools/browser/422f359e-5709-402d-bc7f-7ffbcd7a06c6
1641532469600	Marionette	INFO	Listening on port 33923
1641532469670	RemoteAgent	WARN	TLS certificate errors will be ignored for this session
1641533416242	geckodriver	INFO	Listening on 127.0.0.1:52185
1641533416752	mozrunner::runner	INFO	Running command: "/usr/bin/firefox" "--marionette" "--remote-debugging-port" "57911" "-no-remote" "-profile" "/tmp/rust_mozprofilehBgC1q"
1641533418144	Marionette	INFO	Marionette enabled
console.warn: SearchSettings: "get: No settings file exists, new profile?" (new NotFoundError("Could not open the file at /tmp/rust_mozprofilehBgC1q/search.json.mozlz4", (void 0)))
DevTools listening on ws://localhost:57911/devtools/browser/f329d5a4-870c-4e61-b425-9a39efc3e2cb
1641533420282	Marionette	INFO	Listening on port 43285
1641533420395	RemoteAgent	WARN	TLS certificate errors will be ignored for this session
1641533429915	Marionette	INFO	Stopped listening on port 43285
console.warn: TopSitesFeed: Failed to fetch data from Contile server: NetworkError when attempting to fetch resource.

###!!! [Parent][RunMessage] Error: Channel closing: too late to send/recv, messages will be lost

1641533431205	Marionette	INFO	Stopped listening on port 33923
console.warn: TopSitesFeed: Failed to fetch data from Contile server: NetworkError when attempting to fetch resource.
1641533487082	geckodriver	INFO	Listening on 127.0.0.1:53811
1641533487088	mozrunner::runner	INFO	Running command: "/usr/bin/firefox" "--marionette" "--remote-debugging-port" "59939" "-no-remote" "-profile" "/tmp/rust_mozprofile59jt0y"
1641533488300	Marionette	INFO	Marionette enabled
console.warn: SearchSettings: "get: No settings file exists, new profile?" (new NotFoundError("Could not open the file at /tmp/rust_mozprofile59jt0y/search.json.mozlz4", (void 0)))
DevTools listening on ws://localhost:59939/devtools/browser/d5bcc825-0319-4786-bd37-dcc10f6f6abf
1641533489523	Marionette	INFO	Listening on port 44139
1641533489725	RemoteAgent	WARN	TLS certificate errors will be ignored for this session
1641533553247	Marionette	INFO	Stopped listening on port 44139
console.warn: TopSitesFeed: Failed to fetch data from Contile server: NetworkError when attempting to fetch resource.
1641533556891	geckodriver	INFO	Listening on 127.0.0.1:36657
1641533556897	mozrunner::runner	INFO	Running command: "/usr/bin/firefox" "--marionette" "--remote-debugging-port" "33623" "-no-remote" "-profile" "/tmp/rust_mozprofileytOCwt"
1641533558069	Marionette	INFO	Marionette enabled
console.warn: SearchSettings: "get: No settings file exists, new profile?" (new NotFoundError("Could not open the file at /tmp/rust_mozprofileytOCwt/search.json.mozlz4", (void 0)))
DevTools listening on ws://localhost:33623/devtools/browser/2bc846b2-1238-4c18-91f9-535af74efd62
1641533559555	Marionette	INFO	Listening on port 45645
1641533559625	RemoteAgent	WARN	TLS certificate errors will be ignored for this session
1641533591125	geckodriver	INFO	Listening on 127.0.0.1:60315
1641533591131	mozrunner::runner	INFO	Running command: "/usr/bin/firefox" "--marionette" "--remote-debugging-port" "58565" "-no-remote" "-profile" "/tmp/rust_mozprofileTQLTUm"
1641533592289	Marionette	INFO	Marionette enabled
console.warn: SearchSettings: "get: No settings file exists, new profile?" (new NotFoundError("Could not open the file at /tmp/rust_mozprofileTQLTUm/search.json.mozlz4", (void 0)))
DevTools listening on ws://localhost:58565/devtools/browser/1819e098-c789-4729-8dc3-10a1c6ef9f5c
1641533593470	Marionette	INFO	Listening on port 38901
1641533593678	RemoteAgent	WARN	TLS certificate errors will be ignored for this session
1641533908163	Marionette	INFO	Stopped listening on port 45645
1641533908227	Marionette	INFO	Stopped listening on port 38901
console.warn: TopSitesFeed: Failed to fetch data from Contile server: NetworkError when attempting to fetch resource.
console.warn: TopSitesFeed: Failed to fetch data from Contile server: NetworkError when attempting to fetch resource.
JavaScript error: chrome://remote/content/marionette/cert.js, line 55: NS_ERROR_NOT_AVAILABLE: Component returned failure code: 0x80040111 (NS_ERROR_NOT_AVAILABLE) [nsICertOverrideService.setDisableAllSecurityChecksAndLetAttackersInterceptMyData]

###!!! [Parent][RunMessage] Error: Channel closing: too late to send/recv, messages will be lost

1641533911745	geckodriver	INFO	Listening on 127.0.0.1:46921
1641533911750	mozrunner::runner	INFO	Running command: "/usr/bin/firefox" "--marionette" "--remote-debugging-port" "40463" "-no-remote" "-profile" "/tmp/rust_mozprofileRjCxck"
1641533912910	Marionette	INFO	Marionette enabled
console.warn: SearchSettings: "get: No settings file exists, new profile?" (new NotFoundError("Could not open the file at /tmp/rust_mozprofileRjCxck/search.json.mozlz4", (void 0)))
JavaScript error: resource://gre/modules/SearchService.jsm, line 204: Error: Something tried to use the search service before it's been properly intialized. Please examine the stack trace to figure out what and where to fix it:
_ensureInitialized@resource://gre/modules/SearchService.jsm:204:15
_getEngineDefault@resource://gre/modules/SearchService.jsm:2142:10
get defaultEngine@resource://gre/modules/SearchService.jsm:2274:17
_cacheL10nStrings@resource:///modules/UrlbarView.jsm:2178:11
onQueryStarted@resource:///modules/UrlbarView.jsm:583:10
notify@resource:///modules/UrlbarController.jsm:652:25
startQuery@resource:///modules/UrlbarController.jsm:133:10
startQuery@resource:///modules/UrlbarInput.jsm:1355:52
_on_input@resource:///modules/UrlbarInput.jsm:3040:10
handleEvent@resource:///modules/UrlbarInput.jsm:425:23

JavaScript error: resource://gre/modules/SearchService.jsm, line 204: Error: Something tried to use the search service before it's been properly intialized. Please examine the stack trace to figure out what and where to fix it:
_ensureInitialized@resource://gre/modules/SearchService.jsm:204:15
_getEngineDefault@resource://gre/modules/SearchService.jsm:2142:10
get defaultEngine@resource://gre/modules/SearchService.jsm:2274:17
_cacheL10nStrings@resource:///modules/UrlbarView.jsm:2178:11
onQueryStarted@resource:///modules/UrlbarView.jsm:583:10
notify@resource:///modules/UrlbarController.jsm:652:25
startQuery@resource:///modules/UrlbarController.jsm:133:10
startQuery@resource:///modules/UrlbarInput.jsm:1355:52
_on_input@resource:///modules/UrlbarInput.jsm:3040:10
handleEvent@resource:///modules/UrlbarInput.jsm:425:23

JavaScript error: resource://gre/modules/SearchService.jsm, line 204: Error: Something tried to use the search service before it's been properly intialized. Please examine the stack trace to figure out what and where to fix it:
_ensureInitialized@resource://gre/modules/SearchService.jsm:204:15
_getEngineDefault@resource://gre/modules/SearchService.jsm:2142:10
get defaultEngine@resource://gre/modules/SearchService.jsm:2274:17
_cacheL10nStrings@resource:///modules/UrlbarView.jsm:2178:11
onQueryStarted@resource:///modules/UrlbarView.jsm:583:10
notify@resource:///modules/UrlbarController.jsm:652:25
startQuery@resource:///modules/UrlbarController.jsm:133:10
startQuery@resource:///modules/UrlbarInput.jsm:1355:52
_on_input@resource:///modules/UrlbarInput.jsm:3040:10
handleEvent@resource:///modules/UrlbarInput.jsm:425:23

JavaScript error: resource:///modules/UrlbarView.jsm, line 2178: NS_ERROR_XPC_JAVASCRIPT_ERROR_WITH_DETAILS: [JavaScript Error: "Something tried to use the search service before it's been properly intialized. Please examine the stack trace to figure out what and where to fix it:
_ensureInitialized@resource://gre/modules/SearchService.jsm:204:15
_getEngineDefault@resource://gre/modules/SearchService.jsm:2142:10
get defaultEngine@resource://gre/modules/SearchService.jsm:2274:17
_cacheL10nStrings@resource:///modules/UrlbarView.jsm:2178:11
onQueryStarted@resource:///modules/UrlbarView.jsm:583:10
notify@resource:///modules/UrlbarController.jsm:652:25
startQuery@resource:///modules/UrlbarController.jsm:133:10
startQuery@resource:///modules/UrlbarInput.jsm:1355:52
_on_input@resource:///modules/UrlbarInput.jsm:3040:10
handleEvent@resource:///modules/UrlbarInput.jsm:425:23
" {file: "resource://gre/modules/SearchService.jsm" line: 204}]'[JavaScript Error: "Something tried to use the search service before it's been properly intialized. Please examine the stack trace to figure out what and where to fix it:
_ensureInitialized@resource://gre/modules/SearchService.jsm:204:15
_getEngineDefault@resource://gre/modules/SearchService.jsm:2142:10
get defaultEngine@resource://gre/modules/SearchService.jsm:2274:17
_cacheL10nStrings@resource:///modules/UrlbarView.jsm:2178:11
onQueryStarted@resource:///modules/UrlbarView.jsm:583:10
notify@resource:///modules/UrlbarController.jsm:652:25
startQuery@resource:///modules/UrlbarController.jsm:133:10
startQuery@resource:///modules/UrlbarInput.jsm:1355:52
_on_input@resource:///modules/UrlbarInput.jsm:3040:10
handleEvent@resource:///modules/UrlbarInput.jsm:425:23
" {file: "resource://gre/modules/SearchService.jsm" line: 204}]' when calling method: [nsISearchService::defaultEngine]
JavaScript error: resource:///modules/UrlbarView.jsm, line 2178: NS_ERROR_XPC_JAVASCRIPT_ERROR_WITH_DETAILS: [JavaScript Error: "Something tried to use the search service before it's been properly intialized. Please examine the stack trace to figure out what and where to fix it:
_ensureInitialized@resource://gre/modules/SearchService.jsm:204:15
_getEngineDefault@resource://gre/modules/SearchService.jsm:2142:10
get defaultEngine@resource://gre/modules/SearchService.jsm:2274:17
_cacheL10nStrings@resource:///modules/UrlbarView.jsm:2178:11
onQueryStarted@resource:///modules/UrlbarView.jsm:583:10
notify@resource:///modules/UrlbarController.jsm:652:25
startQuery@resource:///modules/UrlbarController.jsm:133:10
startQuery@resource:///modules/UrlbarInput.jsm:1355:52
_on_input@resource:///modules/UrlbarInput.jsm:3040:10
handleEvent@resource:///modules/UrlbarInput.jsm:425:23
" {file: "resource://gre/modules/SearchService.jsm" line: 204}]'[JavaScript Error: "Something tried to use the search service before it's been properly intialized. Please examine the stack trace to figure out what and where to fix it:
_ensureInitialized@resource://gre/modules/SearchService.jsm:204:15
_getEngineDefault@resource://gre/modules/SearchService.jsm:2142:10
get defaultEngine@resource://gre/modules/SearchService.jsm:2274:17
_cacheL10nStrings@resource:///modules/UrlbarView.jsm:2178:11
onQueryStarted@resource:///modules/UrlbarView.jsm:583:10
notify@resource:///modules/UrlbarController.jsm:652:25
startQuery@resource:///modules/UrlbarController.jsm:133:10
startQuery@resource:///modules/UrlbarInput.jsm:1355:52
_on_input@resource:///modules/UrlbarInput.jsm:3040:10
handleEvent@resource:///modules/UrlbarInput.jsm:425:23
" {file: "resource://gre/modules/SearchService.jsm" line: 204}]' when calling method: [nsISearchService::defaultEngine]
JavaScript error: resource:///modules/UrlbarView.jsm, line 2178: NS_ERROR_XPC_JAVASCRIPT_ERROR_WITH_DETAILS: [JavaScript Error: "Something tried to use the search service before it's been properly intialized. Please examine the stack trace to figure out what and where to fix it:
_ensureInitialized@resource://gre/modules/SearchService.jsm:204:15
_getEngineDefault@resource://gre/modules/SearchService.jsm:2142:10
get defaultEngine@resource://gre/modules/SearchService.jsm:2274:17
_cacheL10nStrings@resource:///modules/UrlbarView.jsm:2178:11
onQueryStarted@resource:///modules/UrlbarView.jsm:583:10
notify@resource:///modules/UrlbarController.jsm:652:25
startQuery@resource:///modules/UrlbarController.jsm:133:10
startQuery@resource:///modules/UrlbarInput.jsm:1355:52
_on_input@resource:///modules/UrlbarInput.jsm:3040:10
handleEvent@resource:///modules/UrlbarInput.jsm:425:23
" {file: "resource://gre/modules/SearchService.jsm" line: 204}]'[JavaScript Error: "Something tried to use the search service before it's been properly intialized. Please examine the stack trace to figure out what and where to fix it:
_ensureInitialized@resource://gre/modules/SearchService.jsm:204:15
_getEngineDefault@resource://gre/modules/SearchService.jsm:2142:10
get defaultEngine@resource://gre/modules/SearchService.jsm:2274:17
_cacheL10nStrings@resource:///modules/UrlbarView.jsm:2178:11
onQueryStarted@resource:///modules/UrlbarView.jsm:583:10
notify@resource:///modules/UrlbarController.jsm:652:25
startQuery@resource:///modules/UrlbarController.jsm:133:10
startQuery@resource:///modules/UrlbarInput.jsm:1355:52
_on_input@resource:///modules/UrlbarInput.jsm:3040:10
handleEvent@resource:///modules/UrlbarInput.jsm:425:23
" {file: "resource://gre/modules/SearchService.jsm" line: 204}]' when calling method: [nsISearchService::defaultEngine]
DevTools listening on ws://localhost:40463/devtools/browser/05fd1b40-212c-4b5f-a08a-04334cf692da
1641533915183	Marionette	INFO	Listening on port 42599
1641533915285	RemoteAgent	WARN	TLS certificate errors will be ignored for this session
1641533916546	geckodriver	INFO	Listening on 127.0.0.1:56295
1641533917049	mozrunner::runner	INFO	Running command: "/usr/bin/firefox" "--marionette" "--remote-debugging-port" "57285" "-no-remote" "-profile" "/tmp/rust_mozprofiletMzkeP"
1641533918280	Marionette	INFO	Marionette enabled
console.warn: SearchSettings: "get: No settings file exists, new profile?" (new NotFoundError("Could not open the file at /tmp/rust_mozprofiletMzkeP/search.json.mozlz4", (void 0)))
DevTools listening on ws://localhost:57285/devtools/browser/1b71ac98-d74f-4b30-a464-bd6c4c2df031
1641533919766	Marionette	INFO	Listening on port 37433
1641533919789	RemoteAgent	WARN	TLS certificate errors will be ignored for this session
1641536934290	Marionette	INFO	Stopped listening on port 37433
console.error: PushServiceWebSocket: 
  _beginWSSetup: Not in shutdown state! Current state
  3
console.warn: TopSitesFeed: Failed to fetch data from Contile server: NetworkError when attempting to fetch resource.

###!!! [Parent][RunMessage] Error: Channel closing: too late to send/recv, messages will be lost

1641536935450	Marionette	INFO	Stopped listening on port 42599
console.warn: TopSitesFeed: Failed to fetch data from Contile server: NetworkError when attempting to fetch resource.
1641537004903	geckodriver	INFO	Listening on 127.0.0.1:49213
1641537005406	mozrunner::runner	INFO	Running command: "/usr/bin/firefox" "--marionette" "--remote-debugging-port" "47273" "-no-remote" "-profile" "/tmp/rust_mozprofileEfnO9J"
1641537006727	Marionette	INFO	Marionette enabled
console.warn: SearchSettings: "get: No settings file exists, new profile?" (new NotFoundError("Could not open the file at /tmp/rust_mozprofileEfnO9J/search.json.mozlz4", (void 0)))
DevTools listening on ws://localhost:47273/devtools/browser/6b93c9d6-ebd5-4bdf-9feb-03e69cd28519
1641537008199	Marionette	INFO	Listening on port 37427
1641537008237	RemoteAgent	WARN	TLS certificate errors will be ignored for this session
1641537010460	Marionette	INFO	Stopped listening on port 37427
1641537345448	geckodriver	INFO	Listening on 127.0.0.1:49487
1641537345456	mozrunner::runner	INFO	Running command: "/usr/bin/firefox" "--marionette" "--remote-debugging-port" "60149" "-no-remote" "-profile" "/tmp/rust_mozprofilejjsEU4"
1641537346902	Marionette	INFO	Marionette enabled
console.warn: SearchSettings: "get: No settings file exists, new profile?" (new NotFoundError("Could not open the file at /tmp/rust_mozprofilejjsEU4/search.json.mozlz4", (void 0)))
DevTools listening on ws://localhost:60149/devtools/browser/466b8593-f400-47e2-8e7d-d068453afef3
1641537349695	Marionette	INFO	Listening on port 38995
1641537349811	RemoteAgent	WARN	TLS certificate errors will be ignored for this session
1641537352892	Marionette	INFO	Stopped listening on port 38995
1641539303984	geckodriver	INFO	Listening on 127.0.0.1:40343
1641539303989	mozrunner::runner	INFO	Running command: "/usr/bin/firefox" "--marionette" "--remote-debugging-port" "34237" "-no-remote" "-profile" "/tmp/rust_mozprofile4hsKZ5"
1641539305126	Marionette	INFO	Marionette enabled
console.warn: SearchSettings: "get: No settings file exists, new profile?" (new NotFoundError("Could not open the file at /tmp/rust_mozprofile4hsKZ5/search.json.mozlz4", (void 0)))
DevTools listening on ws://localhost:34237/devtools/browser/e7904623-ee68-47ef-b089-054e8a1a62b4
1641539306774	Marionette	INFO	Listening on port 43447
1641539306832	RemoteAgent	WARN	TLS certificate errors will be ignored for this session
1641539369994	Marionette	INFO	Stopped listening on port 43447

###!!! [Parent][RunMessage] Error: Channel closing: too late to send/recv, messages will be lost

1641539371843	geckodriver	INFO	Listening on 127.0.0.1:60931
1641539371847	mozrunner::runner	INFO	Running command: "/usr/bin/firefox" "--marionette" "--remote-debugging-port" "52399" "-no-remote" "-profile" "/tmp/rust_mozprofileseLz8M"
1641539373005	Marionette	INFO	Marionette enabled
console.warn: SearchSettings: "get: No settings file exists, new profile?" (new NotFoundError("Could not open the file at /tmp/rust_mozprofileseLz8M/search.json.mozlz4", (void 0)))
DevTools listening on ws://localhost:52399/devtools/browser/a1e13dba-9f70-4242-b2f8-f9acd702785d
1641539374515	Marionette	INFO	Listening on port 42801
1641539374580	RemoteAgent	WARN	TLS certificate errors will be ignored for this session
1641539381136	Marionette	INFO	Stopped listening on port 42801

###!!! [Parent][RunMessage] Error: Channel closing: too late to send/recv, messages will be lost

1641539385907	geckodriver	INFO	Listening on 127.0.0.1:58515
1641539385911	mozrunner::runner	INFO	Running command: "/usr/bin/firefox" "--marionette" "--remote-debugging-port" "45445" "-no-remote" "-profile" "/tmp/rust_mozprofileKyWAiP"
1641539387184	Marionette	INFO	Marionette enabled
console.warn: SearchSettings: "get: No settings file exists, new profile?" (new NotFoundError("Could not open the file at /tmp/rust_mozprofileKyWAiP/search.json.mozlz4", (void 0)))
DevTools listening on ws://localhost:45445/devtools/browser/7bc76a7b-7552-41b1-9c7e-6f761180852e
1641539388925	Marionette	INFO	Listening on port 35865
1641539388941	RemoteAgent	WARN	TLS certificate errors will be ignored for this session
1641539612035	Marionette	INFO	Stopped listening on port 35865

###!!! [Parent][RunMessage] Error: Channel closing: too late to send/recv, messages will be lost

1641539616671	geckodriver	INFO	Listening on 127.0.0.1:37603
1641539616676	mozrunner::runner	INFO	Running command: "/usr/bin/firefox" "--marionette" "--remote-debugging-port" "47759" "-no-remote" "-profile" "/tmp/rust_mozprofileq9Y26L"
1641539617810	Marionette	INFO	Marionette enabled
console.warn: SearchSettings: "get: No settings file exists, new profile?" (new NotFoundError("Could not open the file at /tmp/rust_mozprofileq9Y26L/search.json.mozlz4", (void 0)))
DevTools listening on ws://localhost:47759/devtools/browser/d3a89768-7479-4000-ade3-2f863df8ec55
1641539618950	Marionette	INFO	Listening on port 35345
1641539619194	RemoteAgent	WARN	TLS certificate errors will be ignored for this session
1641539621706	Marionette	INFO	Stopped listening on port 35345
1641539751134	geckodriver	INFO	Listening on 127.0.0.1:46637
1641539751139	mozrunner::runner	INFO	Running command: "/usr/bin/firefox" "--marionette" "--remote-debugging-port" "53051" "-no-remote" "-profile" "/tmp/rust_mozprofileXaeGJX"
1641539752288	Marionette	INFO	Marionette enabled
console.warn: SearchSettings: "get: No settings file exists, new profile?" (new NotFoundError("Could not open the file at /tmp/rust_mozprofileXaeGJX/search.json.mozlz4", (void 0)))
DevTools listening on ws://localhost:53051/devtools/browser/4d565aea-8cd6-4fee-9859-4fddcb2a4677
1641539753744	Marionette	INFO	Listening on port 36613
1641539753765	RemoteAgent	WARN	TLS certificate errors will be ignored for this session
1641539756350	Marionette	INFO	Stopped listening on port 36613
1641539764335	geckodriver	INFO	Listening on 127.0.0.1:44007
1641539764339	mozrunner::runner	INFO	Running command: "/usr/bin/firefox" "--marionette" "--remote-debugging-port" "42373" "-no-remote" "-profile" "/tmp/rust_mozprofile7WgJ0s"
1641539765451	Marionette	INFO	Marionette enabled
console.warn: SearchSettings: "get: No settings file exists, new profile?" (new NotFoundError("Could not open the file at /tmp/rust_mozprofile7WgJ0s/search.json.mozlz4", (void 0)))
DevTools listening on ws://localhost:42373/devtools/browser/e5b9a089-0b04-421d-b9e0-d15a9127a824
1641539766869	Marionette	INFO	Listening on port 46035
1641539766965	RemoteAgent	WARN	TLS certificate errors will be ignored for this session
1641539769393	Marionette	INFO	Stopped listening on port 46035
1641540054272	geckodriver	INFO	Listening on 127.0.0.1:50335
1641540054276	mozrunner::runner	INFO	Running command: "/usr/bin/firefox" "--marionette" "--remote-debugging-port" "38649" "-no-remote" "-profile" "/tmp/rust_mozprofileFFNKsy"
1641540055379	Marionette	INFO	Marionette enabled
console.warn: SearchSettings: "get: No settings file exists, new profile?" (new NotFoundError("Could not open the file at /tmp/rust_mozprofileFFNKsy/search.json.mozlz4", (void 0)))
DevTools listening on ws://localhost:38649/devtools/browser/fcfab5ef-5717-4710-8893-879244b9e673
1641540056844	Marionette	INFO	Listening on port 37317
1641540056910	RemoteAgent	WARN	TLS certificate errors will be ignored for this session
1641540058008	Marionette	INFO	Stopped listening on port 37317
1641540090200	geckodriver	INFO	Listening on 127.0.0.1:33853
1641540090204	mozrunner::runner	INFO	Running command: "/usr/bin/firefox" "--marionette" "--remote-debugging-port" "36323" "-no-remote" "-profile" "/tmp/rust_mozprofilejqHOcY"
1641540091340	Marionette	INFO	Marionette enabled
console.warn: SearchSettings: "get: No settings file exists, new profile?" (new NotFoundError("Could not open the file at /tmp/rust_mozprofilejqHOcY/search.json.mozlz4", (void 0)))
DevTools listening on ws://localhost:36323/devtools/browser/3ac08ed8-1d9b-4927-a9f7-813dd21bf635
1641540092785	Marionette	INFO	Listening on port 40913
1641540092835	RemoteAgent	WARN	TLS certificate errors will be ignored for this session
1641540094427	Marionette	INFO	Stopped listening on port 40913

###!!! [Parent][RunMessage] Error: Channel closing: too late to send/recv, messages will be lost

1641540159933	geckodriver	INFO	Listening on 127.0.0.1:56867
1641540159937	mozrunner::runner	INFO	Running command: "/usr/bin/firefox" "--marionette" "--remote-debugging-port" "58297" "-no-remote" "-profile" "/tmp/rust_mozprofileMVBks6"
1641540161058	Marionette	INFO	Marionette enabled
console.warn: SearchSettings: "get: No settings file exists, new profile?" (new NotFoundError("Could not open the file at /tmp/rust_mozprofileMVBks6/search.json.mozlz4", (void 0)))
DevTools listening on ws://localhost:58297/devtools/browser/f975d272-689f-479e-82ea-6fdbf9bfcbaa
1641540162218	Marionette	INFO	Listening on port 37985
1641540162448	RemoteAgent	WARN	TLS certificate errors will be ignored for this session
1641540164981	Marionette	INFO	Stopped listening on port 37985
1641540216799	geckodriver	INFO	Listening on 127.0.0.1:37911
1641540216804	mozrunner::runner	INFO	Running command: "/usr/bin/firefox" "--marionette" "--remote-debugging-port" "48085" "-no-remote" "-profile" "/tmp/rust_mozprofilehCYG5N"
1641540217942	Marionette	INFO	Marionette enabled
console.warn: SearchSettings: "get: No settings file exists, new profile?" (new NotFoundError("Could not open the file at /tmp/rust_mozprofilehCYG5N/search.json.mozlz4", (void 0)))
DevTools listening on ws://localhost:48085/devtools/browser/405b8395-a372-4994-9913-f3ca99028fd2
1641540219342	Marionette	INFO	Listening on port 39433
1641540219435	RemoteAgent	WARN	TLS certificate errors will be ignored for this session
1641540222003	Marionette	INFO	Stopped listening on port 39433
1641540245663	geckodriver	INFO	Listening on 127.0.0.1:47591
1641540245667	mozrunner::runner	INFO	Running command: "/usr/bin/firefox" "--marionette" "--remote-debugging-port" "50589" "-no-remote" "-profile" "/tmp/rust_mozprofileFSzlAH"
1641540246792	Marionette	INFO	Marionette enabled
console.warn: SearchSettings: "get: No settings file exists, new profile?" (new NotFoundError("Could not open the file at /tmp/rust_mozprofileFSzlAH/search.json.mozlz4", (void 0)))
DevTools listening on ws://localhost:50589/devtools/browser/bdbdebc9-3e56-4ea4-ad20-a1e43ce4e666
1641540248363	Marionette	INFO	Listening on port 36277
1641540248404	RemoteAgent	WARN	TLS certificate errors will be ignored for this session
1641540250973	Marionette	INFO	Stopped listening on port 36277
1641540260791	geckodriver	INFO	Listening on 127.0.0.1:39775
1641540260795	mozrunner::runner	INFO	Running command: "/usr/bin/firefox" "--marionette" "--remote-debugging-port" "58863" "-no-remote" "-profile" "/tmp/rust_mozprofilehUt5Iz"
1641540261924	Marionette	INFO	Marionette enabled
console.warn: SearchSettings: "get: No settings file exists, new profile?" (new NotFoundError("Could not open the file at /tmp/rust_mozprofilehUt5Iz/search.json.mozlz4", (void 0)))
DevTools listening on ws://localhost:58863/devtools/browser/72030f8f-9f8a-451d-a892-3fbd48a124fe
1641540263369	Marionette	INFO	Listening on port 38665
1641540263426	RemoteAgent	WARN	TLS certificate errors will be ignored for this session
1641540747431	geckodriver	INFO	Listening on 127.0.0.1:43633
1641540747437	mozrunner::runner	INFO	Running command: "/usr/bin/firefox" "--marionette" "--remote-debugging-port" "50981" "-no-remote" "-profile" "/tmp/rust_mozprofilec25yk6"
1641540748612	Marionette	INFO	Marionette enabled
console.warn: SearchSettings: "get: No settings file exists, new profile?" (new NotFoundError("Could not open the file at /tmp/rust_mozprofilec25yk6/search.json.mozlz4", (void 0)))
DevTools listening on ws://localhost:50981/devtools/browser/a5fe0da7-2ccd-46b4-840d-1efb316a8e2a
1641540750300	Marionette	INFO	Listening on port 46549
1641540751246	RemoteAgent	WARN	TLS certificate errors will be ignored for this session
1641540892757	geckodriver	INFO	Listening on 127.0.0.1:49759
1641540893258	mozrunner::runner	INFO	Running command: "/usr/bin/firefox" "--marionette" "--remote-debugging-port" "52859" "-no-remote" "-profile" "/tmp/rust_mozprofilePVxlGE"
1641540894506	Marionette	INFO	Marionette enabled
console.warn: SearchSettings: "get: No settings file exists, new profile?" (new NotFoundError("Could not open the file at /tmp/rust_mozprofilePVxlGE/search.json.mozlz4", (void 0)))
DevTools listening on ws://localhost:52859/devtools/browser/51a28742-1601-4204-b96f-4dde79a6fe12
1641540896270	Marionette	INFO	Listening on port 44077
1641540896298	RemoteAgent	WARN	TLS certificate errors will be ignored for this session
1641541614775	geckodriver	INFO	Listening on 127.0.0.1:37291
1641541615299	mozrunner::runner	INFO	Running command: "/usr/bin/firefox" "--marionette" "--remote-debugging-port" "41989" "-no-remote" "-profile" "/tmp/rust_mozprofileO03XTF"
1641541616601	Marionette	INFO	Marionette enabled
console.warn: SearchSettings: "get: No settings file exists, new profile?" (new NotFoundError("Could not open the file at /tmp/rust_mozprofileO03XTF/search.json.mozlz4", (void 0)))
DevTools listening on ws://localhost:41989/devtools/browser/603b431c-8a20-45e1-aa70-f30d944a745c
1641541618573	Marionette	INFO	Listening on port 37509
1641541618648	RemoteAgent	WARN	TLS certificate errors will be ignored for this session
1641541689143	geckodriver	INFO	Listening on 127.0.0.1:34283
1641541689663	mozrunner::runner	INFO	Running command: "/usr/bin/firefox" "--marionette" "--remote-debugging-port" "37125" "-no-remote" "-profile" "/tmp/rust_mozprofile40zPfg"
1641541691266	Marionette	INFO	Marionette enabled
console.warn: SearchSettings: "get: No settings file exists, new profile?" (new NotFoundError("Could not open the file at /tmp/rust_mozprofile40zPfg/search.json.mozlz4", (void 0)))
console.error: Region.jsm: "Error fetching region" (new Error("TIMEOUT", "resource://gre/modules/Region.jsm", 772))
console.error: Region.jsm: "Failed to fetch region" (new Error("TIMEOUT", "resource://gre/modules/Region.jsm", 419))
JavaScript error: resource://gre/modules/SearchService.jsm, line 204: Error: Something tried to use the search service before it's been properly intialized. Please examine the stack trace to figure out what and where to fix it:
_ensureInitialized@resource://gre/modules/SearchService.jsm:204:15
_getEngineDefault@resource://gre/modules/SearchService.jsm:2142:10
get defaultEngine@resource://gre/modules/SearchService.jsm:2274:17
_cacheL10nStrings@resource:///modules/UrlbarView.jsm:2178:11
onQueryStarted@resource:///modules/UrlbarView.jsm:583:10
notify@resource:///modules/UrlbarController.jsm:652:25
startQuery@resource:///modules/UrlbarController.jsm:133:10
startQuery@resource:///modules/UrlbarInput.jsm:1355:52
autoOpen@resource:///modules/UrlbarView.jsm:512:20
_on_mousedown@resource:///modules/UrlbarInput.jsm:2940:21
handleEvent@resource:///modules/UrlbarInput.jsm:425:23

JavaScript error: resource:///modules/UrlbarView.jsm, line 2178: NS_ERROR_XPC_JAVASCRIPT_ERROR_WITH_DETAILS: [JavaScript Error: "Something tried to use the search service before it's been properly intialized. Please examine the stack trace to figure out what and where to fix it:
_ensureInitialized@resource://gre/modules/SearchService.jsm:204:15
_getEngineDefault@resource://gre/modules/SearchService.jsm:2142:10
get defaultEngine@resource://gre/modules/SearchService.jsm:2274:17
_cacheL10nStrings@resource:///modules/UrlbarView.jsm:2178:11
onQueryStarted@resource:///modules/UrlbarView.jsm:583:10
notify@resource:///modules/UrlbarController.jsm:652:25
startQuery@resource:///modules/UrlbarController.jsm:133:10
startQuery@resource:///modules/UrlbarInput.jsm:1355:52
autoOpen@resource:///modules/UrlbarView.jsm:512:20
_on_mousedown@resource:///modules/UrlbarInput.jsm:2940:21
handleEvent@resource:///modules/UrlbarInput.jsm:425:23
" {file: "resource://gre/modules/SearchService.jsm" line: 204}]'[JavaScript Error: "Something tried to use the search service before it's been properly intialized. Please examine the stack trace to figure out what and where to fix it:
_ensureInitialized@resource://gre/modules/SearchService.jsm:204:15
_getEngineDefault@resource://gre/modules/SearchService.jsm:2142:10
get defaultEngine@resource://gre/modules/SearchService.jsm:2274:17
_cacheL10nStrings@resource:///modules/UrlbarView.jsm:2178:11
onQueryStarted@resource:///modules/UrlbarView.jsm:583:10
notify@resource:///modules/UrlbarController.jsm:652:25
startQuery@resource:///modules/UrlbarController.jsm:133:10
startQuery@resource:///modules/UrlbarInput.jsm:1355:52
autoOpen@resource:///modules/UrlbarView.jsm:512:20
_on_mousedown@resource:///modules/UrlbarInput.jsm:2940:21
handleEvent@resource:///modules/UrlbarInput.jsm:425:23
" {file: "resource://gre/modules/SearchService.jsm" line: 204}]' when calling method: [nsISearchService::defaultEngine]
Exiting due to channel error.
Exiting due to channel error.
Exiting due to channel error.
Exiting due to channel error.
Exiting due to channel error.
Exiting due to channel error.
Exiting due to channel error.
Exiting due to channel error.
Exiting due to channel error.
Exiting due to channel error.
Exiting due to channel error.
Exiting due to channel error.
